TN:
SF:src/server.ts
FN:18,(anonymous_1)
FNF:1
FNH:1
FNDA:1,(anonymous_1)
DA:1,1
DA:2,1
DA:3,1
DA:4,1
DA:5,1
DA:6,1
DA:8,1
DA:9,1
DA:10,1
DA:11,1
DA:13,1
DA:15,1
DA:17,1
DA:18,1
DA:19,1
DA:22,1
LF:16
LH:16
BRDA:17,0,0,1
BRDA:17,0,1,1
BRF:2
BRH:2
end_of_record
TN:
SF:src/helpers/index.ts
FN:11,(anonymous_1)
FN:11,(anonymous_2)
FN:6,(anonymous_3)
FNF:3
FNH:3
FNDA:1,(anonymous_1)
FNDA:2,(anonymous_2)
FNDA:1,(anonymous_3)
DA:1,1
DA:2,1
DA:4,1
DA:6,1
DA:7,1
DA:8,1
DA:11,3
LF:7
LH:7
BRDA:4,0,0,1
BRDA:4,0,1,1
BRF:2
BRH:2
end_of_record
TN:
SF:src/helpers/passwordhelpers.ts
FN:3,(anonymous_8)
FN:3,(anonymous_9)
FN:7,(anonymous_10)
FN:7,(anonymous_11)
FNF:4
FNH:4
FNDA:1,(anonymous_8)
FNDA:1,(anonymous_9)
FNDA:2,(anonymous_10)
FNDA:2,(anonymous_11)
DA:1,1
DA:3,1
DA:4,1
DA:7,2
DA:8,2
DA:11,1
LF:6
LH:6
BRF:0
BRH:0
end_of_record
TN:
SF:src/middlewares/authentication.ts
FN:6,(anonymous_1)
FN:14,(anonymous_2)
FNF:2
FNH:2
FNDA:7,(anonymous_1)
FNDA:7,(anonymous_2)
DA:1,1
DA:4,1
DA:6,1
DA:7,7
DA:8,7
DA:10,7
DA:11,0
DA:14,7
DA:15,7
DA:16,0
DA:18,7
DA:19,7
LF:12
LH:10
BRDA:4,0,0,1
BRDA:4,0,1,1
BRDA:8,1,0,7
BRDA:8,1,1,7
BRDA:10,2,0,0
BRDA:10,2,1,7
BRDA:15,3,0,0
BRDA:15,3,1,7
BRF:8
BRH:6
end_of_record
TN:
SF:src/modules/todoMessage/controllers/todomessageController.ts
FN:6,(anonymous_7)
FN:6,(anonymous_8)
FN:25,(anonymous_9)
FN:25,(anonymous_10)
FN:49,(anonymous_11)
FN:49,(anonymous_12)
FN:76,(anonymous_13)
FN:76,(anonymous_14)
FNF:8
FNH:8
FNDA:1,(anonymous_7)
FNDA:1,(anonymous_8)
FNDA:1,(anonymous_9)
FNDA:1,(anonymous_10)
FNDA:2,(anonymous_11)
FNDA:2,(anonymous_12)
FNDA:2,(anonymous_13)
FNDA:2,(anonymous_14)
DA:2,1
DA:6,1
DA:8,1
DA:9,1
DA:10,1
DA:11,1
DA:16,0
DA:25,1
DA:26,1
DA:27,1
DA:29,1
DA:30,0
DA:34,1
DA:40,0
DA:49,2
DA:50,2
DA:51,2
DA:52,2
DA:54,2
DA:56,2
DA:57,1
DA:62,1
DA:67,0
DA:76,2
DA:77,2
DA:78,2
DA:79,2
DA:80,2
DA:81,1
DA:86,1
DA:87,1
DA:93,0
LF:32
LH:27
BRDA:29,0,0,0
BRDA:29,0,1,1
BRDA:56,1,0,1
BRDA:56,1,1,1
BRDA:80,2,0,1
BRDA:80,2,1,1
BRF:6
BRH:5
end_of_record
TN:
SF:src/modules/todoMessage/repository/todomessageRepo.ts
FN:4,(anonymous_8)
FN:4,(anonymous_9)
FN:8,(anonymous_10)
FN:8,(anonymous_11)
FN:12,(anonymous_12)
FN:12,(anonymous_13)
FN:16,(anonymous_14)
FN:16,(anonymous_15)
FN:20,(anonymous_16)
FN:20,(anonymous_17)
FNF:10
FNH:10
FNDA:1,(anonymous_8)
FNDA:1,(anonymous_9)
FNDA:1,(anonymous_10)
FNDA:1,(anonymous_11)
FNDA:2,(anonymous_12)
FNDA:2,(anonymous_13)
FNDA:2,(anonymous_14)
FNDA:2,(anonymous_15)
FNDA:1,(anonymous_16)
FNDA:1,(anonymous_17)
DA:1,1
DA:4,1
DA:5,1
DA:8,1
DA:9,1
DA:12,2
DA:13,2
DA:16,2
DA:17,2
DA:20,1
DA:21,1
DA:24,1
LF:12
LH:12
BRF:0
BRH:0
end_of_record
TN:
SF:src/modules/todoUser/controllers/todouserController.ts
FN:7,(anonymous_7)
FN:7,(anonymous_8)
FN:45,(anonymous_9)
FN:45,(anonymous_10)
FN:84,(anonymous_11)
FN:84,(anonymous_12)
FN:100,(anonymous_13)
FN:100,(anonymous_14)
FN:123,(anonymous_15)
FN:123,(anonymous_16)
FN:149,(anonymous_17)
FN:149,(anonymous_18)
FNF:12
FNH:12
FNDA:3,(anonymous_7)
FNDA:3,(anonymous_8)
FNDA:3,(anonymous_9)
FNDA:3,(anonymous_10)
FNDA:1,(anonymous_11)
FNDA:1,(anonymous_12)
FNDA:2,(anonymous_13)
FNDA:2,(anonymous_14)
FNDA:2,(anonymous_15)
FNDA:2,(anonymous_16)
FNDA:2,(anonymous_17)
FNDA:2,(anonymous_18)
DA:2,1
DA:3,1
DA:7,3
DA:8,3
DA:9,3
DA:11,3
DA:12,3
DA:13,1
DA:19,2
DA:20,2
DA:21,1
DA:27,1
DA:29,1
DA:37,0
DA:45,3
DA:46,3
DA:47,3
DA:49,3
DA:50,1
DA:56,2
DA:57,2
DA:58,1
DA:64,1
DA:65,1
DA:71,1
DA:76,0
DA:84,1
DA:85,1
DA:86,1
DA:87,1
DA:92,0
DA:100,2
DA:101,2
DA:102,2
DA:103,2
DA:104,2
DA:105,1
DA:110,1
DA:115,0
DA:123,2
DA:124,2
DA:125,2
DA:126,2
DA:128,2
DA:130,2
DA:131,1
DA:136,1
DA:141,0
DA:149,2
DA:150,2
DA:151,2
DA:152,2
DA:154,2
DA:155,1
DA:160,1
DA:162,1
DA:167,0
LF:57
LH:51
BRDA:12,0,0,1
BRDA:12,0,1,2
BRDA:20,1,0,1
BRDA:20,1,1,1
BRDA:49,2,0,1
BRDA:49,2,1,2
BRDA:49,3,0,3
BRDA:49,3,1,2
BRDA:49,3,2,2
BRDA:57,4,0,1
BRDA:57,4,1,1
BRDA:104,5,0,1
BRDA:104,5,1,1
BRDA:130,6,0,1
BRDA:130,6,1,1
BRDA:154,7,0,1
BRDA:154,7,1,1
BRF:17
BRH:17
end_of_record
TN:
SF:src/modules/todoUser/repository/todouserRepo.ts
FN:4,(anonymous_8)
FN:4,(anonymous_9)
FN:8,(anonymous_10)
FN:8,(anonymous_11)
FN:12,(anonymous_12)
FN:12,(anonymous_13)
FN:16,(anonymous_14)
FN:16,(anonymous_15)
FN:20,(anonymous_16)
FN:20,(anonymous_17)
FN:24,(anonymous_18)
FN:24,(anonymous_19)
FNF:12
FNH:12
FNDA:1,(anonymous_8)
FNDA:1,(anonymous_9)
FNDA:1,(anonymous_10)
FNDA:1,(anonymous_11)
FNDA:5,(anonymous_12)
FNDA:5,(anonymous_13)
FNDA:4,(anonymous_14)
FNDA:4,(anonymous_15)
FNDA:1,(anonymous_16)
FNDA:1,(anonymous_17)
FNDA:2,(anonymous_18)
FNDA:2,(anonymous_19)
DA:1,1
DA:4,1
DA:5,1
DA:8,1
DA:9,1
DA:12,5
DA:13,5
DA:16,4
DA:17,4
DA:20,1
DA:21,1
DA:24,2
DA:25,2
DA:29,1
DA:30,1
DA:31,1
DA:32,1
DA:33,1
DA:34,1
LF:19
LH:19
BRF:0
BRH:0
end_of_record
TN:
SF:src/routes/allRoutes.ts
FNF:0
FNH:0
DA:1,1
DA:3,1
DA:4,1
DA:6,1
DA:8,1
DA:9,1
DA:11,1
LF:7
LH:7
BRF:0
BRH:0
end_of_record
TN:
SF:src/routes/todomessageRoutes.ts
FNF:0
FNH:0
DA:1,1
DA:3,1
DA:5,1
DA:58,1
DA:95,1
DA:139,1
DA:141,1
DA:143,1
LF:8
LH:8
BRF:0
BRH:0
end_of_record
TN:
SF:src/routes/todouserRoutes.ts
FNF:0
FNH:0
DA:1,1
DA:2,1
DA:3,1
DA:5,1
DA:60,1
DA:112,1
DA:147,1
DA:191,1
DA:247,1
DA:291,1
DA:293,1
LF:11
LH:11
BRF:0
BRH:0
end_of_record
