TN:
SF:src\server.ts
FN:18,(anonymous_1)
FNF:1
FNH:1
FNDA:1,(anonymous_1)
DA:1,1
DA:2,1
DA:3,1
DA:4,1
DA:5,1
DA:6,1
DA:8,1
DA:9,1
DA:10,1
DA:11,1
DA:13,1
DA:15,1
DA:17,1
DA:18,1
DA:19,1
DA:22,1
LF:16
LH:16
BRDA:17,0,0,1
BRDA:17,0,1,1
BRF:2
BRH:2
end_of_record
TN:
SF:src\helpers\index.ts
FN:11,(anonymous_1)
FN:11,(anonymous_2)
FN:6,(anonymous_3)
FNF:3
FNH:3
FNDA:1,(anonymous_1)
FNDA:1,(anonymous_2)
FNDA:1,(anonymous_3)
DA:1,1
DA:2,1
DA:4,1
DA:6,1
DA:7,1
DA:8,1
DA:11,2
LF:7
LH:7
BRDA:4,0,0,1
BRDA:4,0,1,1
BRF:2
BRH:2
end_of_record
TN:
SF:src\helpers\passwordhelpers.ts
FN:3,(anonymous_8)
FN:3,(anonymous_9)
FN:7,(anonymous_10)
FN:7,(anonymous_11)
FNF:4
FNH:4
FNDA:1,(anonymous_8)
FNDA:1,(anonymous_9)
FNDA:1,(anonymous_10)
FNDA:1,(anonymous_11)
DA:1,1
DA:3,1
DA:4,1
DA:7,1
DA:8,1
DA:11,1
LF:6
LH:6
BRF:0
BRH:0
end_of_record
TN:
SF:src\middlewares\authentication.ts
FN:6,(anonymous_1)
FN:14,(anonymous_2)
FNF:2
FNH:2
FNDA:4,(anonymous_1)
FNDA:4,(anonymous_2)
DA:1,1
DA:4,1
DA:6,1
DA:7,4
DA:8,4
DA:10,4
DA:11,0
DA:14,4
DA:15,4
DA:16,0
DA:18,4
DA:19,4
LF:12
LH:10
BRDA:4,0,0,1
BRDA:4,0,1,1
BRDA:8,1,0,4
BRDA:8,1,1,4
BRDA:10,2,0,0
BRDA:10,2,1,4
BRDA:15,3,0,0
BRDA:15,3,1,4
BRF:8
BRH:6
end_of_record
TN:
SF:src\modules\todoUser\controllers\todouserController.ts
FN:7,(anonymous_7)
FN:7,(anonymous_8)
FN:46,(anonymous_9)
FN:46,(anonymous_10)
FN:86,(anonymous_11)
FN:86,(anonymous_12)
FN:103,(anonymous_13)
FN:103,(anonymous_14)
FN:127,(anonymous_15)
FN:127,(anonymous_16)
FN:154,(anonymous_17)
FN:154,(anonymous_18)
FNF:12
FNH:12
FNDA:1,(anonymous_7)
FNDA:1,(anonymous_8)
FNDA:1,(anonymous_9)
FNDA:1,(anonymous_10)
FNDA:1,(anonymous_11)
FNDA:1,(anonymous_12)
FNDA:1,(anonymous_13)
FNDA:1,(anonymous_14)
FNDA:1,(anonymous_15)
FNDA:1,(anonymous_16)
FNDA:1,(anonymous_17)
FNDA:1,(anonymous_18)
DA:2,1
DA:3,1
DA:7,1
DA:8,1
DA:9,1
DA:11,1
DA:12,1
DA:13,0
DA:19,1
DA:20,1
DA:21,0
DA:27,1
DA:29,1
DA:37,0
DA:38,0
DA:46,1
DA:47,1
DA:48,1
DA:50,1
DA:51,0
DA:57,1
DA:58,1
DA:59,0
DA:65,1
DA:66,1
DA:72,1
DA:77,0
DA:78,0
DA:86,1
DA:87,1
DA:88,1
DA:89,1
DA:94,0
DA:95,0
DA:103,1
DA:104,1
DA:105,1
DA:106,1
DA:107,1
DA:108,0
DA:113,1
DA:118,0
DA:119,0
DA:127,1
DA:128,1
DA:129,1
DA:130,1
DA:132,1
DA:134,1
DA:135,0
DA:140,1
DA:145,0
DA:146,0
DA:154,1
DA:155,1
DA:156,1
DA:157,1
DA:159,1
DA:160,0
DA:165,1
DA:167,1
DA:172,0
DA:173,0
LF:63
LH:44
BRDA:12,0,0,0
BRDA:12,0,1,1
BRDA:20,1,0,0
BRDA:20,1,1,1
BRDA:50,2,0,0
BRDA:50,2,1,1
BRDA:50,3,0,1
BRDA:50,3,1,1
BRDA:50,3,2,1
BRDA:58,4,0,0
BRDA:58,4,1,1
BRDA:107,5,0,0
BRDA:107,5,1,1
BRDA:134,6,0,0
BRDA:134,6,1,1
BRDA:159,7,0,0
BRDA:159,7,1,1
BRF:17
BRH:10
end_of_record
TN:
SF:src\modules\todoUser\repository\todouserRepo.ts
FN:4,(anonymous_8)
FN:4,(anonymous_9)
FN:8,(anonymous_10)
FN:8,(anonymous_11)
FN:12,(anonymous_12)
FN:12,(anonymous_13)
FN:16,(anonymous_14)
FN:16,(anonymous_15)
FN:20,(anonymous_16)
FN:20,(anonymous_17)
FN:24,(anonymous_18)
FN:24,(anonymous_19)
FNF:12
FNH:12
FNDA:1,(anonymous_8)
FNDA:1,(anonymous_9)
FNDA:1,(anonymous_10)
FNDA:1,(anonymous_11)
FNDA:2,(anonymous_12)
FNDA:2,(anonymous_13)
FNDA:2,(anonymous_14)
FNDA:2,(anonymous_15)
FNDA:1,(anonymous_16)
FNDA:1,(anonymous_17)
FNDA:1,(anonymous_18)
FNDA:1,(anonymous_19)
DA:1,1
DA:4,1
DA:5,1
DA:8,1
DA:9,1
DA:12,2
DA:13,2
DA:16,2
DA:17,2
DA:20,1
DA:21,1
DA:24,1
DA:25,1
DA:29,1
DA:30,1
DA:31,1
DA:32,1
DA:33,1
DA:34,1
LF:19
LH:19
BRF:0
BRH:0
end_of_record
TN:
SF:src\routes\allRoutes.ts
FNF:0
FNH:0
DA:1,1
DA:3,1
DA:5,1
DA:7,1
DA:9,1
LF:5
LH:5
BRF:0
BRH:0
end_of_record
TN:
SF:src\routes\todouserRoutes.ts
FNF:0
FNH:0
DA:1,1
DA:2,1
DA:3,1
DA:5,1
DA:60,1
DA:112,1
DA:147,1
DA:191,1
DA:247,1
DA:291,1
DA:293,1
LF:11
LH:11
BRF:0
BRH:0
end_of_record
